<testsuites id="" name="" tests="1" failures="1" skipped="0" errors="0" time="751.7614120000001">
<testsuite name="UI/integration-tests/on-off-boarding-menus/add-new-employee-test.spec.ts" timestamp="2025-12-10T23:04:58.182Z" hostname="ui-payspace-execution" tests="1" failures="1" skipped="0" time="745.214" errors="0">
<testcase name="Add New Employee Integration Test for Company user @integration @releasepipeline @add-new-employee @Shane › should successfully add new employee and configure all profile sections @integration @releasepipeline @add-new-employee" classname="UI/integration-tests/on-off-boarding-menus/add-new-employee-test.spec.ts" time="745.214">
<failure message="add-new-employee-test.spec.ts:15:7 should successfully add new employee and configure all profile sections @integration @releasepipeline @add-new-employee" type="FAILURE">
<![CDATA[  [ui-payspace-execution] › UI/integration-tests/on-off-boarding-menus/add-new-employee-test.spec.ts:15:7 › Add New Employee Integration Test for Company user @integration @releasepipeline @add-new-employee @Shane › should successfully add new employee and configure all profile sections @integration @releasepipeline @add-new-employee 

    Test timeout of 180000ms exceeded.

    Error: locator.fill: Test timeout of 180000ms exceeded.
    Call log:
      - waiting for getByRole('textbox', { name: 'Employee Number' })


       at ../selectors/employee/basic-profile.ts:183

      181 |
      182 |     async fillEmployeeNumber(employeeNumber: string) {
    > 183 |         await this.employeeNumber.fill(employeeNumber);
          |                                   ^
      184 |     }
      185 |
      186 |     // -------------------- Personal Tab Methods --------------------
        at BasicProfilePage.fillEmployeeNumber (/home/azureuser/_work/payspace-automation/payspace-automation/selectors/employee/basic-profile.ts:183:35)
        at /home/azureuser/_work/payspace-automation/payspace-automation/tests/UI/integration-tests/on-off-boarding-menus/add-new-employee-test.spec.ts:54:23

    attachment #1: screenshot (image/png) ──────────────────────────────────────────────────────────
    ../test-results/integration-tests-on-off-b-42f40-sepipeline-add-new-employee-ui-payspace-execution/test-failed-1.png
    ────────────────────────────────────────────────────────────────────────────────────────────────

    attachment #2: video (video/webm) ──────────────────────────────────────────────────────────────
    ../test-results/integration-tests-on-off-b-42f40-sepipeline-add-new-employee-ui-payspace-execution/video.webm
    ────────────────────────────────────────────────────────────────────────────────────────────────

    Error Context: ../test-results/integration-tests-on-off-b-42f40-sepipeline-add-new-employee-ui-payspace-execution/error-context.md

    attachment #4: trace (application/zip) ─────────────────────────────────────────────────────────
    ../test-results/integration-tests-on-off-b-42f40-sepipeline-add-new-employee-ui-payspace-execution/trace.zip
    Usage:

        npx playwright show-trace ../test-results/integration-tests-on-off-b-42f40-sepipeline-add-new-employee-ui-payspace-execution/trace.zip

    ────────────────────────────────────────────────────────────────────────────────────────────────

    Retry #1 ───────────────────────────────────────────────────────────────────────────────────────

    Test timeout of 180000ms exceeded.

    Error: locator.fill: Test timeout of 180000ms exceeded.
    Call log:
      - waiting for getByRole('textbox', { name: 'Employee Number' })


       at ../selectors/employee/basic-profile.ts:183

      181 |
      182 |     async fillEmployeeNumber(employeeNumber: string) {
    > 183 |         await this.employeeNumber.fill(employeeNumber);
          |                                   ^
      184 |     }
      185 |
      186 |     // -------------------- Personal Tab Methods --------------------
        at BasicProfilePage.fillEmployeeNumber (/home/azureuser/_work/payspace-automation/payspace-automation/selectors/employee/basic-profile.ts:183:35)
        at /home/azureuser/_work/payspace-automation/payspace-automation/tests/UI/integration-tests/on-off-boarding-menus/add-new-employee-test.spec.ts:54:23

    attachment #1: screenshot (image/png) ──────────────────────────────────────────────────────────
    ../test-results/integration-tests-on-off-b-42f40-sepipeline-add-new-employee-ui-payspace-execution-retry1/test-failed-1.png
    ────────────────────────────────────────────────────────────────────────────────────────────────

    attachment #2: video (video/webm) ──────────────────────────────────────────────────────────────
    ../test-results/integration-tests-on-off-b-42f40-sepipeline-add-new-employee-ui-payspace-execution-retry1/video.webm
    ────────────────────────────────────────────────────────────────────────────────────────────────

    Error Context: ../test-results/integration-tests-on-off-b-42f40-sepipeline-add-new-employee-ui-payspace-execution-retry1/error-context.md

    attachment #4: trace (application/zip) ─────────────────────────────────────────────────────────
    ../test-results/integration-tests-on-off-b-42f40-sepipeline-add-new-employee-ui-payspace-execution-retry1/trace.zip
    Usage:

        npx playwright show-trace ../test-results/integration-tests-on-off-b-42f40-sepipeline-add-new-employee-ui-payspace-execution-retry1/trace.zip

    ────────────────────────────────────────────────────────────────────────────────────────────────

    Retry #2 ───────────────────────────────────────────────────────────────────────────────────────

    Test timeout of 180000ms exceeded.

    Error: locator.fill: Test timeout of 180000ms exceeded.
    Call log:
      - waiting for getByRole('textbox', { name: 'Employee Number' })


       at ../selectors/employee/basic-profile.ts:183

      181 |
      182 |     async fillEmployeeNumber(employeeNumber: string) {
    > 183 |         await this.employeeNumber.fill(employeeNumber);
          |                                   ^
      184 |     }
      185 |
      186 |     // -------------------- Personal Tab Methods --------------------
        at BasicProfilePage.fillEmployeeNumber (/home/azureuser/_work/payspace-automation/payspace-automation/selectors/employee/basic-profile.ts:183:35)
        at /home/azureuser/_work/payspace-automation/payspace-automation/tests/UI/integration-tests/on-off-boarding-menus/add-new-employee-test.spec.ts:54:23

    attachment #1: screenshot (image/png) ──────────────────────────────────────────────────────────
    ../test-results/integration-tests-on-off-b-42f40-sepipeline-add-new-employee-ui-payspace-execution-retry2/test-failed-1.png
    ────────────────────────────────────────────────────────────────────────────────────────────────

    attachment #2: video (video/webm) ──────────────────────────────────────────────────────────────
    ../test-results/integration-tests-on-off-b-42f40-sepipeline-add-new-employee-ui-payspace-execution-retry2/video.webm
    ────────────────────────────────────────────────────────────────────────────────────────────────

    Error Context: ../test-results/integration-tests-on-off-b-42f40-sepipeline-add-new-employee-ui-payspace-execution-retry2/error-context.md

    attachment #4: trace (application/zip) ─────────────────────────────────────────────────────────
    ../test-results/integration-tests-on-off-b-42f40-sepipeline-add-new-employee-ui-payspace-execution-retry2/trace.zip
    Usage:

        npx playwright show-trace ../test-results/integration-tests-on-off-b-42f40-sepipeline-add-new-employee-ui-payspace-execution-retry2/trace.zip

    ────────────────────────────────────────────────────────────────────────────────────────────────

    Retry #3 ───────────────────────────────────────────────────────────────────────────────────────

    Test timeout of 180000ms exceeded.

    Error: locator.fill: Test timeout of 180000ms exceeded.
    Call log:
      - waiting for getByRole('textbox', { name: 'Employee Number' })


       at ../selectors/employee/basic-profile.ts:183

      181 |
      182 |     async fillEmployeeNumber(employeeNumber: string) {
    > 183 |         await this.employeeNumber.fill(employeeNumber);
          |                                   ^
      184 |     }
      185 |
      186 |     // -------------------- Personal Tab Methods --------------------
        at BasicProfilePage.fillEmployeeNumber (/home/azureuser/_work/payspace-automation/payspace-automation/selectors/employee/basic-profile.ts:183:35)
        at /home/azureuser/_work/payspace-automation/payspace-automation/tests/UI/integration-tests/on-off-boarding-menus/add-new-employee-test.spec.ts:54:23

    attachment #1: screenshot (image/png) ──────────────────────────────────────────────────────────
    ../test-results/integration-tests-on-off-b-42f40-sepipeline-add-new-employee-ui-payspace-execution-retry3/test-failed-1.png
    ────────────────────────────────────────────────────────────────────────────────────────────────

    attachment #2: video (video/webm) ──────────────────────────────────────────────────────────────
    ../test-results/integration-tests-on-off-b-42f40-sepipeline-add-new-employee-ui-payspace-execution-retry3/video.webm
    ────────────────────────────────────────────────────────────────────────────────────────────────

    Error Context: ../test-results/integration-tests-on-off-b-42f40-sepipeline-add-new-employee-ui-payspace-execution-retry3/error-context.md

    attachment #4: trace (application/zip) ─────────────────────────────────────────────────────────
    ../test-results/integration-tests-on-off-b-42f40-sepipeline-add-new-employee-ui-payspace-execution-retry3/trace.zip
    Usage:

        npx playwright show-trace ../test-results/integration-tests-on-off-b-42f40-sepipeline-add-new-employee-ui-payspace-execution-retry3/trace.zip

    ────────────────────────────────────────────────────────────────────────────────────────────────
]]>
</failure>
<system-out>
<![CDATA[🚀 Starting test: should successfully add new employee and configure all profile sections @integration @releasepipeline @add-new-employee
✅ Completed test: should successfully add new employee and configure all profile sections @integration @releasepipeline @add-new-employee
📊 Test 1 completed. Global setup will run after 19 more tests.

[[ATTACHMENT|integration-tests-on-off-b-42f40-sepipeline-add-new-employee-ui-payspace-execution/test-failed-1.png]]

[[ATTACHMENT|integration-tests-on-off-b-42f40-sepipeline-add-new-employee-ui-payspace-execution/video.webm]]

[[ATTACHMENT|integration-tests-on-off-b-42f40-sepipeline-add-new-employee-ui-payspace-execution/error-context.md]]

[[ATTACHMENT|integration-tests-on-off-b-42f40-sepipeline-add-new-employee-ui-payspace-execution/trace.zip]]
🚀 Starting test: should successfully add new employee and configure all profile sections @integration @releasepipeline @add-new-employee
✅ Completed test: should successfully add new employee and configure all profile sections @integration @releasepipeline @add-new-employee
📊 Test 2 completed. Global setup will run after 18 more tests.

[[ATTACHMENT|integration-tests-on-off-b-42f40-sepipeline-add-new-employee-ui-payspace-execution-retry1/test-failed-1.png]]

[[ATTACHMENT|integration-tests-on-off-b-42f40-sepipeline-add-new-employee-ui-payspace-execution-retry1/video.webm]]

[[ATTACHMENT|integration-tests-on-off-b-42f40-sepipeline-add-new-employee-ui-payspace-execution-retry1/error-context.md]]

[[ATTACHMENT|integration-tests-on-off-b-42f40-sepipeline-add-new-employee-ui-payspace-execution-retry1/trace.zip]]
🚀 Starting test: should successfully add new employee and configure all profile sections @integration @releasepipeline @add-new-employee
✅ Completed test: should successfully add new employee and configure all profile sections @integration @releasepipeline @add-new-employee
📊 Test 3 completed. Global setup will run after 17 more tests.

[[ATTACHMENT|integration-tests-on-off-b-42f40-sepipeline-add-new-employee-ui-payspace-execution-retry2/test-failed-1.png]]

[[ATTACHMENT|integration-tests-on-off-b-42f40-sepipeline-add-new-employee-ui-payspace-execution-retry2/video.webm]]

[[ATTACHMENT|integration-tests-on-off-b-42f40-sepipeline-add-new-employee-ui-payspace-execution-retry2/error-context.md]]

[[ATTACHMENT|integration-tests-on-off-b-42f40-sepipeline-add-new-employee-ui-payspace-execution-retry2/trace.zip]]
🚀 Starting test: should successfully add new employee and configure all profile sections @integration @releasepipeline @add-new-employee
✅ Completed test: should successfully add new employee and configure all profile sections @integration @releasepipeline @add-new-employee
📊 Test 4 completed. Global setup will run after 16 more tests.

[[ATTACHMENT|integration-tests-on-off-b-42f40-sepipeline-add-new-employee-ui-payspace-execution-retry3/test-failed-1.png]]

[[ATTACHMENT|integration-tests-on-off-b-42f40-sepipeline-add-new-employee-ui-payspace-execution-retry3/video.webm]]

[[ATTACHMENT|integration-tests-on-off-b-42f40-sepipeline-add-new-employee-ui-payspace-execution-retry3/error-context.md]]

[[ATTACHMENT|integration-tests-on-off-b-42f40-sepipeline-add-new-employee-ui-payspace-execution-retry3/trace.zip]]
]]>
</system-out>
</testcase>
</testsuite>
</testsuites>